current directory: /home/runner/work/2025-09-14-open_URI/2025-09-14-open_URI/.vendor/bundle/ruby/3.0.0/gems/commonmarker-0.23.11/ext/commonmarker
/opt/hostedtoolcache/Ruby/3.0.7/x64/bin/ruby -I /opt/hostedtoolcache/Ruby/3.0.7/x64/lib/ruby/3.0.0 -r ./siteconf20250624-2661-svfqq7.rb extconf.rb
creating Makefile

current directory: /home/runner/work/2025-09-14-open_URI/2025-09-14-open_URI/.vendor/bundle/ruby/3.0.0/gems/commonmarker-0.23.11/ext/commonmarker
make DESTDIR\= clean
make[1]: Entering directory '/home/runner/work/2025-09-14-open_URI/2025-09-14-open_URI/.vendor/bundle/ruby/3.0.0/gems/commonmarker-0.23.11/ext/commonmarker'
Makefile:176: warning: overriding recipe for target 'clean'
Makefile:176: warning: ignoring old recipe for target 'clean'
Makefile:183: warning: overriding recipe for target 'distclean'
Makefile:183: warning: ignoring old recipe for target 'distclean'
Makefile:191: warning: overriding recipe for target 'install-so'
Makefile:191: warning: ignoring old recipe for target 'install-so'
Makefile:201: warning: overriding recipe for target 'pre-install-rb-default'
Makefile:201: warning: ignoring old recipe for target 'pre-install-rb-default'
Makefile:203: warning: overriding recipe for target '.sitearchdir.-.commonmarker.time'
Makefile:203: warning: ignoring old recipe for target '.sitearchdir.-.commonmarker.time'
Makefile:213: warning: overriding recipe for target '.cc.o'
Makefile:213: warning: ignoring old recipe for target '.cc.o'
Makefile:217: warning: overriding recipe for target '.cc.S'
Makefile:217: warning: ignoring old recipe for target '.cc.S'
Makefile:221: warning: overriding recipe for target '.mm.o'
Makefile:221: warning: ignoring old recipe for target '.mm.o'
Makefile:225: warning: overriding recipe for target '.mm.S'
Makefile:225: warning: ignoring old recipe for target '.mm.S'
Makefile:229: warning: overriding recipe for target '.cxx.o'
Makefile:229: warning: ignoring old recipe for target '.cxx.o'
Makefile:233: warning: overriding recipe for target '.cxx.S'
Makefile:233: warning: ignoring old recipe for target '.cxx.S'
Makefile:237: warning: overriding recipe for target '.cpp.o'
Makefile:237: warning: ignoring old recipe for target '.cpp.o'
Makefile:241: warning: overriding recipe for target '.cpp.S'
Makefile:241: warning: ignoring old recipe for target '.cpp.S'
Makefile:245: warning: overriding recipe for target '.c.o'
Makefile:245: warning: ignoring old recipe for target '.c.o'
Makefile:249: warning: overriding recipe for target '.c.S'
Makefile:249: warning: ignoring old recipe for target '.c.S'
Makefile:253: warning: overriding recipe for target '.m.o'
Makefile:253: warning: ignoring old recipe for target '.m.o'
Makefile:257: warning: overriding recipe for target '.m.S'
Makefile:257: warning: ignoring old recipe for target '.m.S'
Makefile:261: warning: overriding recipe for target 'commonmarker.so'
Makefile:261: warning: ignoring old recipe for target 'commonmarker.so'
make[1]: Leaving directory '/home/runner/work/2025-09-14-open_URI/2025-09-14-open_URI/.vendor/bundle/ruby/3.0.0/gems/commonmarker-0.23.11/ext/commonmarker'

current directory: /home/runner/work/2025-09-14-open_URI/2025-09-14-open_URI/.vendor/bundle/ruby/3.0.0/gems/commonmarker-0.23.11/ext/commonmarker
make DESTDIR\=
make[1]: Entering directory '/home/runner/work/2025-09-14-open_URI/2025-09-14-open_URI/.vendor/bundle/ruby/3.0.0/gems/commonmarker-0.23.11/ext/commonmarker'
Makefile:176: warning: overriding recipe for target 'clean'
Makefile:176: warning: ignoring old recipe for target 'clean'
Makefile:183: warning: overriding recipe for target 'distclean'
Makefile:183: warning: ignoring old recipe for target 'distclean'
Makefile:191: warning: overriding recipe for target 'install-so'
Makefile:191: warning: ignoring old recipe for target 'install-so'
Makefile:201: warning: overriding recipe for target 'pre-install-rb-default'
Makefile:201: warning: ignoring old recipe for target 'pre-install-rb-default'
Makefile:203: warning: overriding recipe for target '.sitearchdir.-.commonmarker.time'
Makefile:203: warning: ignoring old recipe for target '.sitearchdir.-.commonmarker.time'
Makefile:213: warning: overriding recipe for target '.cc.o'
Makefile:213: warning: ignoring old recipe for target '.cc.o'
Makefile:217: warning: overriding recipe for target '.cc.S'
Makefile:217: warning: ignoring old recipe for target '.cc.S'
Makefile:221: warning: overriding recipe for target '.mm.o'
Makefile:221: warning: ignoring old recipe for target '.mm.o'
Makefile:225: warning: overriding recipe for target '.mm.S'
Makefile:225: warning: ignoring old recipe for target '.mm.S'
Makefile:229: warning: overriding recipe for target '.cxx.o'
Makefile:229: warning: ignoring old recipe for target '.cxx.o'
Makefile:233: warning: overriding recipe for target '.cxx.S'
Makefile:233: warning: ignoring old recipe for target '.cxx.S'
Makefile:237: warning: overriding recipe for target '.cpp.o'
Makefile:237: warning: ignoring old recipe for target '.cpp.o'
Makefile:241: warning: overriding recipe for target '.cpp.S'
Makefile:241: warning: ignoring old recipe for target '.cpp.S'
Makefile:245: warning: overriding recipe for target '.c.o'
Makefile:245: warning: ignoring old recipe for target '.c.o'
Makefile:249: warning: overriding recipe for target '.c.S'
Makefile:249: warning: ignoring old recipe for target '.c.S'
Makefile:253: warning: overriding recipe for target '.m.o'
Makefile:253: warning: ignoring old recipe for target '.m.o'
Makefile:257: warning: overriding recipe for target '.m.S'
Makefile:257: warning: ignoring old recipe for target '.m.S'
Makefile:261: warning: overriding recipe for target 'commonmarker.so'
Makefile:261: warning: ignoring old recipe for target 'commonmarker.so'
compiling arena.c
compiling autolink.c
compiling blocks.c
compiling buffer.c
compiling cmark.c
compiling cmark_ctype.c
compiling commonmark.c
compiling commonmarker.c
In file included from houdini.h:9,
                 from commonmarker.c:3:
config.h:8: warning: "HAVE_STDBOOL_H" redefined
    8 | #define HAVE_STDBOOL_H
      | 
In file included from /opt/hostedtoolcache/Ruby/3.0.7/x64/include/ruby-3.0.0/ruby/internal/config.h:23,
                 from /opt/hostedtoolcache/Ruby/3.0.7/x64/include/ruby-3.0.0/ruby/ruby.h:15,
                 from /opt/hostedtoolcache/Ruby/3.0.7/x64/include/ruby-3.0.0/ruby.h:38,
                 from commonmarker.h:9,
                 from commonmarker.c:1:
/opt/hostedtoolcache/Ruby/3.0.7/x64/include/ruby-3.0.0/x86_64-linux/ruby/config.h:38: note: this is the location of the previous definition
   38 | #define HAVE_STDBOOL_H 1
      | 
commonmarker.c: In function ‘commonmarker_cstr_adopt’:
commonmarker.c:50:43: warning: passing argument 1 of ‘cmark_get_default_mem_allocator()->free’ discards ‘const’ qualifier from pointer target type [-Wdiscarded-qualifiers]
   50 |   cmark_get_default_mem_allocator()->free(str);
      |                                           ^~~
commonmarker.c:50:43: note: expected ‘void *’ but argument is of type ‘const char *’
commonmarker.c: At top level:
cc1: note: unrecognized command-line option ‘-Wno-self-assign’ may have been intended to silence earlier diagnostics
cc1: note: unrecognized command-line option ‘-Wno-parentheses-equality’ may have been intended to silence earlier diagnostics
cc1: note: unrecognized command-line option ‘-Wno-constant-logical-operand’ may have been intended to silence earlier diagnostics
compiling core-extensions.c
compiling ext_scanners.c
compiling footnotes.c
compiling houdini_href_e.c
compiling houdini_html_e.c
compiling houdini_html_u.c
compiling html.c
compiling inlines.c
compiling iterator.c
compiling latex.c
compiling linked_list.c
compiling man.c
compiling map.c
compiling node.c
compiling plaintext.c
compiling plugin.c
compiling references.c
compiling registry.c
compiling render.c
compiling scanners.c
compiling strikethrough.c
compiling syntax_extension.c
compiling table.c
compiling tagfilter.c
compiling tasklist.c
compiling utf8.c
compiling xml.c
linking shared-object commonmarker/commonmarker.so
make[1]: Leaving directory '/home/runner/work/2025-09-14-open_URI/2025-09-14-open_URI/.vendor/bundle/ruby/3.0.0/gems/commonmarker-0.23.11/ext/commonmarker'

current directory: /home/runner/work/2025-09-14-open_URI/2025-09-14-open_URI/.vendor/bundle/ruby/3.0.0/gems/commonmarker-0.23.11/ext/commonmarker
make DESTDIR\= install
make[1]: Entering directory '/home/runner/work/2025-09-14-open_URI/2025-09-14-open_URI/.vendor/bundle/ruby/3.0.0/gems/commonmarker-0.23.11/ext/commonmarker'
Makefile:176: warning: overriding recipe for target 'clean'
Makefile:176: warning: ignoring old recipe for target 'clean'
Makefile:183: warning: overriding recipe for target 'distclean'
Makefile:183: warning: ignoring old recipe for target 'distclean'
Makefile:191: warning: overriding recipe for target 'install-so'
Makefile:191: warning: ignoring old recipe for target 'install-so'
Makefile:201: warning: overriding recipe for target 'pre-install-rb-default'
Makefile:201: warning: ignoring old recipe for target 'pre-install-rb-default'
Makefile:203: warning: overriding recipe for target '.sitearchdir.-.commonmarker.time'
Makefile:203: warning: ignoring old recipe for target '.sitearchdir.-.commonmarker.time'
Makefile:213: warning: overriding recipe for target '.cc.o'
Makefile:213: warning: ignoring old recipe for target '.cc.o'
Makefile:217: warning: overriding recipe for target '.cc.S'
Makefile:217: warning: ignoring old recipe for target '.cc.S'
Makefile:221: warning: overriding recipe for target '.mm.o'
Makefile:221: warning: ignoring old recipe for target '.mm.o'
Makefile:225: warning: overriding recipe for target '.mm.S'
Makefile:225: warning: ignoring old recipe for target '.mm.S'
Makefile:229: warning: overriding recipe for target '.cxx.o'
Makefile:229: warning: ignoring old recipe for target '.cxx.o'
Makefile:233: warning: overriding recipe for target '.cxx.S'
Makefile:233: warning: ignoring old recipe for target '.cxx.S'
Makefile:237: warning: overriding recipe for target '.cpp.o'
Makefile:237: warning: ignoring old recipe for target '.cpp.o'
Makefile:241: warning: overriding recipe for target '.cpp.S'
Makefile:241: warning: ignoring old recipe for target '.cpp.S'
Makefile:245: warning: overriding recipe for target '.c.o'
Makefile:245: warning: ignoring old recipe for target '.c.o'
Makefile:249: warning: overriding recipe for target '.c.S'
Makefile:249: warning: ignoring old recipe for target '.c.S'
Makefile:253: warning: overriding recipe for target '.m.o'
Makefile:253: warning: ignoring old recipe for target '.m.o'
Makefile:257: warning: overriding recipe for target '.m.S'
Makefile:257: warning: ignoring old recipe for target '.m.S'
Makefile:261: warning: overriding recipe for target 'commonmarker.so'
Makefile:261: warning: ignoring old recipe for target 'commonmarker.so'
/usr/bin/install -c -m 0755 commonmarker.so ./.gem.20250624-2661-iopjl/commonmarker
make[1]: Leaving directory '/home/runner/work/2025-09-14-open_URI/2025-09-14-open_URI/.vendor/bundle/ruby/3.0.0/gems/commonmarker-0.23.11/ext/commonmarker'
