current directory: /home/runner/work/2025-09-14-open_URI/2025-09-14-open_URI/.vendor/bundle/ruby/3.0.0/gems/http_parser.rb-0.8.0/ext/ruby_http_parser
/opt/hostedtoolcache/Ruby/3.0.7/x64/bin/ruby -I /opt/hostedtoolcache/Ruby/3.0.7/x64/lib/ruby/3.0.0 -r ./siteconf20250624-2661-iqenu8.rb extconf.rb
creating Makefile

current directory: /home/runner/work/2025-09-14-open_URI/2025-09-14-open_URI/.vendor/bundle/ruby/3.0.0/gems/http_parser.rb-0.8.0/ext/ruby_http_parser
make DESTDIR\= clean
make[1]: Entering directory '/home/runner/work/2025-09-14-open_URI/2025-09-14-open_URI/.vendor/bundle/ruby/3.0.0/gems/http_parser.rb-0.8.0/ext/ruby_http_parser'
Makefile:176: warning: overriding recipe for target 'clean'
Makefile:176: warning: ignoring old recipe for target 'clean'
Makefile:183: warning: overriding recipe for target 'distclean'
Makefile:183: warning: ignoring old recipe for target 'distclean'
Makefile:191: warning: overriding recipe for target 'install-so'
Makefile:191: warning: ignoring old recipe for target 'install-so'
Makefile:201: warning: overriding recipe for target 'pre-install-rb-default'
Makefile:201: warning: ignoring old recipe for target 'pre-install-rb-default'
Makefile:203: warning: overriding recipe for target '.sitearchdir.time'
Makefile:203: warning: ignoring old recipe for target '.sitearchdir.time'
Makefile:213: warning: overriding recipe for target '.cc.o'
Makefile:213: warning: ignoring old recipe for target '.cc.o'
Makefile:217: warning: overriding recipe for target '.cc.S'
Makefile:217: warning: ignoring old recipe for target '.cc.S'
Makefile:221: warning: overriding recipe for target '.mm.o'
Makefile:221: warning: ignoring old recipe for target '.mm.o'
Makefile:225: warning: overriding recipe for target '.mm.S'
Makefile:225: warning: ignoring old recipe for target '.mm.S'
Makefile:229: warning: overriding recipe for target '.cxx.o'
Makefile:229: warning: ignoring old recipe for target '.cxx.o'
Makefile:233: warning: overriding recipe for target '.cxx.S'
Makefile:233: warning: ignoring old recipe for target '.cxx.S'
Makefile:237: warning: overriding recipe for target '.cpp.o'
Makefile:237: warning: ignoring old recipe for target '.cpp.o'
Makefile:241: warning: overriding recipe for target '.cpp.S'
Makefile:241: warning: ignoring old recipe for target '.cpp.S'
Makefile:245: warning: overriding recipe for target '.c.o'
Makefile:245: warning: ignoring old recipe for target '.c.o'
Makefile:249: warning: overriding recipe for target '.c.S'
Makefile:249: warning: ignoring old recipe for target '.c.S'
Makefile:253: warning: overriding recipe for target '.m.o'
Makefile:253: warning: ignoring old recipe for target '.m.o'
Makefile:257: warning: overriding recipe for target '.m.S'
Makefile:257: warning: ignoring old recipe for target '.m.S'
Makefile:261: warning: overriding recipe for target 'ruby_http_parser.so'
Makefile:261: warning: ignoring old recipe for target 'ruby_http_parser.so'
make[1]: Leaving directory '/home/runner/work/2025-09-14-open_URI/2025-09-14-open_URI/.vendor/bundle/ruby/3.0.0/gems/http_parser.rb-0.8.0/ext/ruby_http_parser'

current directory: /home/runner/work/2025-09-14-open_URI/2025-09-14-open_URI/.vendor/bundle/ruby/3.0.0/gems/http_parser.rb-0.8.0/ext/ruby_http_parser
make DESTDIR\=
make[1]: Entering directory '/home/runner/work/2025-09-14-open_URI/2025-09-14-open_URI/.vendor/bundle/ruby/3.0.0/gems/http_parser.rb-0.8.0/ext/ruby_http_parser'
Makefile:176: warning: overriding recipe for target 'clean'
Makefile:176: warning: ignoring old recipe for target 'clean'
Makefile:183: warning: overriding recipe for target 'distclean'
Makefile:183: warning: ignoring old recipe for target 'distclean'
Makefile:191: warning: overriding recipe for target 'install-so'
Makefile:191: warning: ignoring old recipe for target 'install-so'
Makefile:201: warning: overriding recipe for target 'pre-install-rb-default'
Makefile:201: warning: ignoring old recipe for target 'pre-install-rb-default'
Makefile:203: warning: overriding recipe for target '.sitearchdir.time'
Makefile:203: warning: ignoring old recipe for target '.sitearchdir.time'
Makefile:213: warning: overriding recipe for target '.cc.o'
Makefile:213: warning: ignoring old recipe for target '.cc.o'
Makefile:217: warning: overriding recipe for target '.cc.S'
Makefile:217: warning: ignoring old recipe for target '.cc.S'
Makefile:221: warning: overriding recipe for target '.mm.o'
Makefile:221: warning: ignoring old recipe for target '.mm.o'
Makefile:225: warning: overriding recipe for target '.mm.S'
Makefile:225: warning: ignoring old recipe for target '.mm.S'
Makefile:229: warning: overriding recipe for target '.cxx.o'
Makefile:229: warning: ignoring old recipe for target '.cxx.o'
Makefile:233: warning: overriding recipe for target '.cxx.S'
Makefile:233: warning: ignoring old recipe for target '.cxx.S'
Makefile:237: warning: overriding recipe for target '.cpp.o'
Makefile:237: warning: ignoring old recipe for target '.cpp.o'
Makefile:241: warning: overriding recipe for target '.cpp.S'
Makefile:241: warning: ignoring old recipe for target '.cpp.S'
Makefile:245: warning: overriding recipe for target '.c.o'
Makefile:245: warning: ignoring old recipe for target '.c.o'
Makefile:249: warning: overriding recipe for target '.c.S'
Makefile:249: warning: ignoring old recipe for target '.c.S'
Makefile:253: warning: overriding recipe for target '.m.o'
Makefile:253: warning: ignoring old recipe for target '.m.o'
Makefile:257: warning: overriding recipe for target '.m.S'
Makefile:257: warning: ignoring old recipe for target '.m.S'
Makefile:261: warning: overriding recipe for target 'ruby_http_parser.so'
Makefile:261: warning: ignoring old recipe for target 'ruby_http_parser.so'
compiling ruby_http_parser.c
ruby_http_parser.c: In function ‘Parser_execute’:
ruby_http_parser.c:365:17: warning: comparison of integer expressions of different signedness: ‘size_t’ {aka ‘long unsigned int’} and ‘long int’ [-Wsign-compare]
  365 |     if (nparsed < len)
      |                 ^
ruby_http_parser.c: At top level:
cc1: note: unrecognized command-line option ‘-Wno-self-assign’ may have been intended to silence earlier diagnostics
cc1: note: unrecognized command-line option ‘-Wno-parentheses-equality’ may have been intended to silence earlier diagnostics
cc1: note: unrecognized command-line option ‘-Wno-constant-logical-operand’ may have been intended to silence earlier diagnostics
compiling ryah_http_parser.c
linking shared-object ruby_http_parser.so
make[1]: Leaving directory '/home/runner/work/2025-09-14-open_URI/2025-09-14-open_URI/.vendor/bundle/ruby/3.0.0/gems/http_parser.rb-0.8.0/ext/ruby_http_parser'

current directory: /home/runner/work/2025-09-14-open_URI/2025-09-14-open_URI/.vendor/bundle/ruby/3.0.0/gems/http_parser.rb-0.8.0/ext/ruby_http_parser
make DESTDIR\= install
make[1]: Entering directory '/home/runner/work/2025-09-14-open_URI/2025-09-14-open_URI/.vendor/bundle/ruby/3.0.0/gems/http_parser.rb-0.8.0/ext/ruby_http_parser'
Makefile:176: warning: overriding recipe for target 'clean'
Makefile:176: warning: ignoring old recipe for target 'clean'
Makefile:183: warning: overriding recipe for target 'distclean'
Makefile:183: warning: ignoring old recipe for target 'distclean'
Makefile:191: warning: overriding recipe for target 'install-so'
Makefile:191: warning: ignoring old recipe for target 'install-so'
Makefile:201: warning: overriding recipe for target 'pre-install-rb-default'
Makefile:201: warning: ignoring old recipe for target 'pre-install-rb-default'
Makefile:203: warning: overriding recipe for target '.sitearchdir.time'
Makefile:203: warning: ignoring old recipe for target '.sitearchdir.time'
Makefile:213: warning: overriding recipe for target '.cc.o'
Makefile:213: warning: ignoring old recipe for target '.cc.o'
Makefile:217: warning: overriding recipe for target '.cc.S'
Makefile:217: warning: ignoring old recipe for target '.cc.S'
Makefile:221: warning: overriding recipe for target '.mm.o'
Makefile:221: warning: ignoring old recipe for target '.mm.o'
Makefile:225: warning: overriding recipe for target '.mm.S'
Makefile:225: warning: ignoring old recipe for target '.mm.S'
Makefile:229: warning: overriding recipe for target '.cxx.o'
Makefile:229: warning: ignoring old recipe for target '.cxx.o'
Makefile:233: warning: overriding recipe for target '.cxx.S'
Makefile:233: warning: ignoring old recipe for target '.cxx.S'
Makefile:237: warning: overriding recipe for target '.cpp.o'
Makefile:237: warning: ignoring old recipe for target '.cpp.o'
Makefile:241: warning: overriding recipe for target '.cpp.S'
Makefile:241: warning: ignoring old recipe for target '.cpp.S'
Makefile:245: warning: overriding recipe for target '.c.o'
Makefile:245: warning: ignoring old recipe for target '.c.o'
Makefile:249: warning: overriding recipe for target '.c.S'
Makefile:249: warning: ignoring old recipe for target '.c.S'
Makefile:253: warning: overriding recipe for target '.m.o'
Makefile:253: warning: ignoring old recipe for target '.m.o'
Makefile:257: warning: overriding recipe for target '.m.S'
Makefile:257: warning: ignoring old recipe for target '.m.S'
Makefile:261: warning: overriding recipe for target 'ruby_http_parser.so'
Makefile:261: warning: ignoring old recipe for target 'ruby_http_parser.so'
/usr/bin/install -c -m 0755 ruby_http_parser.so ./.gem.20250624-2661-y0vqfn
make[1]: Leaving directory '/home/runner/work/2025-09-14-open_URI/2025-09-14-open_URI/.vendor/bundle/ruby/3.0.0/gems/http_parser.rb-0.8.0/ext/ruby_http_parser'
